28/Apr/2021:11:27:39 440 [Version.java] [INFO] org.hibernate.validator.internal.util.Version HV000001: Hibernate Validator 6.1.7.Final
28/Apr/2021:11:27:39 462 [StartupInfoLogger.java] [INFO] com.StartupReview.StartupReviewApplication Starting StartupReviewApplication using Java 15.0.1 on DESKTOP-Q4CBO14 with PID 47040 (D:\02 METCH MATERIAL\MTECH\SEM 2 2020\SPE\03 FINAL PROJECT\PROJECT\startup_review-spring\target\classes started by rajat in D:\02 METCH MATERIAL\MTECH\SEM 2 2020\SPE\03 FINAL PROJECT\PROJECT\startup_review-spring)
28/Apr/2021:11:27:39 466 [SpringApplication.java] [INFO] com.StartupReview.StartupReviewApplication No active profile set, falling back to default profiles: default
28/Apr/2021:11:27:40 069 [RepositoryConfigurationDelegate.java] [INFO] org.springframework.data.repository.config.RepositoryConfigurationDelegate Bootstrapping Spring Data JPA repositories in DEFAULT mode.
28/Apr/2021:11:27:40 127 [RepositoryConfigurationDelegate.java] [INFO] org.springframework.data.repository.config.RepositoryConfigurationDelegate Finished Spring Data repository scanning in 52 ms. Found 4 JPA repository interfaces.
28/Apr/2021:11:27:40 343 [PostProcessorRegistrationDelegate.java] [INFO] org.springframework.context.support.PostProcessorRegistrationDelegate$BeanPostProcessorChecker Bean 'org.springframework.security.access.expression.method.DefaultMethodSecurityExpressionHandler@2c05ff9d' of type [org.springframework.security.access.expression.method.DefaultMethodSecurityExpressionHandler] is not eligible for getting processed by all BeanPostProcessors (for example: not eligible for auto-proxying)
28/Apr/2021:11:27:40 347 [PostProcessorRegistrationDelegate.java] [INFO] org.springframework.context.support.PostProcessorRegistrationDelegate$BeanPostProcessorChecker Bean 'methodSecurityMetadataSource' of type [org.springframework.security.access.method.DelegatingMethodSecurityMetadataSource] is not eligible for getting processed by all BeanPostProcessors (for example: not eligible for auto-proxying)
28/Apr/2021:11:27:40 517 [TomcatWebServer.java] [INFO] org.springframework.boot.web.embedded.tomcat.TomcatWebServer Tomcat initialized with port(s): 8081 (http)
28/Apr/2021:11:27:40 523 [DirectJDKLog.java] [INFO] org.apache.coyote.http11.Http11NioProtocol Initializing ProtocolHandler ["http-nio-8081"]
28/Apr/2021:11:27:40 524 [DirectJDKLog.java] [INFO] org.apache.catalina.core.StandardService Starting service [Tomcat]
28/Apr/2021:11:27:40 524 [DirectJDKLog.java] [INFO] org.apache.catalina.core.StandardEngine Starting Servlet engine: [Apache Tomcat/9.0.44]
28/Apr/2021:11:27:40 603 [DirectJDKLog.java] [INFO] org.apache.catalina.core.ContainerBase.[Tomcat].[localhost].[/] Initializing Spring embedded WebApplicationContext
28/Apr/2021:11:27:40 603 [ServletWebServerApplicationContext.java] [INFO] org.springframework.boot.web.servlet.context.ServletWebServerApplicationContext Root WebApplicationContext: initialization completed in 1099 ms
28/Apr/2021:11:27:40 664 [JpaBaseConfiguration.java] [WARN] org.springframework.boot.autoconfigure.orm.jpa.JpaBaseConfiguration$JpaWebConfiguration spring.jpa.open-in-view is enabled by default. Therefore, database queries may be performed during view rendering. Explicitly configure spring.jpa.open-in-view to disable this warning
28/Apr/2021:11:27:40 763 [Version.java] [INFO] org.hibernate.Version HHH000412: Hibernate ORM core version 5.4.29.Final
28/Apr/2021:11:27:40 831 [JavaReflectionManager.java] [INFO] org.hibernate.annotations.common.Version HCANN000001: Hibernate Commons Annotations {5.1.2.Final}
28/Apr/2021:11:27:40 909 [HikariDataSource.java] [INFO] com.zaxxer.hikari.HikariDataSource HikariPool-1 - Starting...
28/Apr/2021:11:27:41 018 [HikariDataSource.java] [INFO] com.zaxxer.hikari.HikariDataSource HikariPool-1 - Start completed.
28/Apr/2021:11:27:41 027 [Dialect.java] [INFO] org.hibernate.dialect.Dialect HHH000400: Using dialect: org.hibernate.dialect.MySQL5InnoDBDialect
28/Apr/2021:11:27:41 526 [JtaPlatformInitiator.java] [INFO] org.hibernate.engine.transaction.jta.platform.internal.JtaPlatformInitiator HHH000490: Using JtaPlatform implementation: [org.hibernate.engine.transaction.jta.platform.internal.NoJtaPlatform]
28/Apr/2021:11:27:41 532 [AbstractEntityManagerFactoryBean.java] [INFO] org.springframework.orm.jpa.LocalContainerEntityManagerFactoryBean Initialized JPA EntityManagerFactory for persistence unit 'default'
28/Apr/2021:11:27:42 184 [DefaultSecurityFilterChain.java] [INFO] org.springframework.security.web.DefaultSecurityFilterChain Will secure any request with [org.springframework.security.web.context.request.async.WebAsyncManagerIntegrationFilter@15651402, org.springframework.security.web.context.SecurityContextPersistenceFilter@7dfab58d, org.springframework.security.web.header.HeaderWriterFilter@2b409174, org.springframework.web.filter.CorsFilter@5c194652, org.springframework.security.web.authentication.logout.LogoutFilter@3e4636c3, com.StartupReview.security.jwt.AuthTokenFilter@1ee22768, org.springframework.security.web.savedrequest.RequestCacheAwareFilter@e0d9e3f, org.springframework.security.web.servletapi.SecurityContextHolderAwareRequestFilter@2acbe46d, org.springframework.security.web.authentication.AnonymousAuthenticationFilter@1f02b6d1, org.springframework.security.web.session.SessionManagementFilter@2d114d27, org.springframework.security.web.access.ExceptionTranslationFilter@346e5cc, org.springframework.security.web.access.intercept.FilterSecurityInterceptor@47f5ab58]
28/Apr/2021:11:27:42 222 [ExecutorConfigurationSupport.java] [INFO] org.springframework.scheduling.concurrent.ThreadPoolTaskExecutor Initializing ExecutorService 'applicationTaskExecutor'
28/Apr/2021:11:27:42 321 [DirectJDKLog.java] [INFO] org.apache.coyote.http11.Http11NioProtocol Starting ProtocolHandler ["http-nio-8081"]
28/Apr/2021:11:27:42 337 [TomcatWebServer.java] [INFO] org.springframework.boot.web.embedded.tomcat.TomcatWebServer Tomcat started on port(s): 8081 (http) with context path ''
28/Apr/2021:11:27:42 363 [StartupInfoLogger.java] [INFO] com.StartupReview.StartupReviewApplication Started StartupReviewApplication in 3.208 seconds (JVM running for 4.085)
28/Apr/2021:11:27:47 055 [DirectJDKLog.java] [INFO] org.apache.catalina.core.ContainerBase.[Tomcat].[localhost].[/] Initializing Spring DispatcherServlet 'dispatcherServlet'
28/Apr/2021:11:27:47 055 [FrameworkServlet.java] [INFO] org.springframework.web.servlet.DispatcherServlet Initializing Servlet 'dispatcherServlet'
28/Apr/2021:11:27:47 056 [FrameworkServlet.java] [INFO] org.springframework.web.servlet.DispatcherServlet Completed initialization in 1 ms
28/Apr/2021:11:27:47 130 [StartupController.java] [INFO] com.StartupReview.controller.StartupController [DATA REQUEST] - Requesting latest startups
28/Apr/2021:11:27:51 130 [StartupController.java] [INFO] com.StartupReview.controller.StartupController [DATA REQUEST] - Requesting latest startups
28/Apr/2021:11:27:58 173 [AuthEntryPointJwt.java] [ERROR] com.StartupReview.security.jwt.AuthEntryPointJwt [Unauthorized ACCESS] - message: Bad credentials
28/Apr/2021:11:27:58 567 [AuthEntryPointJwt.java] [ERROR] com.StartupReview.security.jwt.AuthEntryPointJwt [Unauthorized ACCESS] - message: Bad credentials
28/Apr/2021:11:27:59 019 [AuthEntryPointJwt.java] [ERROR] com.StartupReview.security.jwt.AuthEntryPointJwt [Unauthorized ACCESS] - message: Bad credentials
28/Apr/2021:11:27:59 285 [AuthEntryPointJwt.java] [ERROR] com.StartupReview.security.jwt.AuthEntryPointJwt [Unauthorized ACCESS] - message: Bad credentials
28/Apr/2021:11:27:59 520 [AuthEntryPointJwt.java] [ERROR] com.StartupReview.security.jwt.AuthEntryPointJwt [Unauthorized ACCESS] - message: Bad credentials
28/Apr/2021:11:27:59 708 [AuthEntryPointJwt.java] [ERROR] com.StartupReview.security.jwt.AuthEntryPointJwt [Unauthorized ACCESS] - message: Bad credentials
28/Apr/2021:11:28:00 173 [AuthEntryPointJwt.java] [ERROR] com.StartupReview.security.jwt.AuthEntryPointJwt [Unauthorized ACCESS] - message: Bad credentials
28/Apr/2021:11:28:00 440 [AuthEntryPointJwt.java] [ERROR] com.StartupReview.security.jwt.AuthEntryPo28/Apr/2021:11:30:00 097 [Version.java] [INFO] org.hibernate.validator.internal.util.Version HV000001: Hibernate Validator 6.1.7.Final
28/Apr/2021:11:30:00 123 [StartupInfoLogger.java] [INFO] com.StartupReview.StartupReviewApplication Starting StartupReviewApplication using Java 15.0.1 on DESKTOP-Q4CBO14 with PID 29780 (D:\02 METCH MATERIAL\MTECH\SEM 2 2020\SPE\03 FINAL PROJECT\PROJECT\startup_review-spring\target\classes started by rajat in D:\02 METCH MATERIAL\MTECH\SEM 2 2020\SPE\03 FINAL PROJECT\PROJECT\startup_review-spring)
28/Apr/2021:11:30:00 128 [SpringApplication.java] [INFO] com.StartupReview.StartupReviewApplication No active profile set, falling back to default profiles: default
28/Apr/2021:11:30:00 766 [RepositoryConfigurationDelegate.java] [INFO] org.springframework.data.repository.config.RepositoryConfigurationDelegate Bootstrapping Spring Data JPA repositories in DEFAULT mode.
28/Apr/2021:11:30:00 822 [RepositoryConfigurationDelegate.java] [INFO] org.springframework.data.repository.config.RepositoryConfigurationDelegate Finished Spring Data repository scanning in 47 ms. Found 4 JPA repository interfaces.
28/Apr/2021:11:30:01 052 [PostProcessorRegistrationDelegate.java] [INFO] org.springframework.context.support.PostProcessorRegistrationDelegate$BeanPostProcessorChecker Bean 'org.springframework.security.access.expression.method.DefaultMethodSecurityExpressionHandler@63dfada0' of type [org.springframework.security.access.expression.method.DefaultMethodSecurityExpressionHandler] is not eligible for getting processed by all BeanPostProcessors (for example: not eligible for auto-proxying)
28/Apr/2021:11:30:01 055 [PostProcessorRegistrationDelegate.java] [INFO] org.springframework.context.support.PostProcessorRegistrationDelegate$BeanPostProcessorChecker Bean 'methodSecurityMetadataSource' of type [org.springframework.security.access.method.DelegatingMethodSecurityMetadataSource] is not eligible for getting processed by all BeanPostProcessors (for example: not eligible for auto-proxying)
28/Apr/2021:11:30:01 224 [TomcatWebServer.java] [INFO] org.springframework.boot.web.embedded.tomcat.TomcatWebServer Tomcat initialized with port(s): 8081 (http)
28/Apr/2021:11:30:01 231 [DirectJDKLog.java] [INFO] org.apache.coyote.http11.Http11NioProtocol Initializing ProtocolHandler ["http-nio-8081"]
28/Apr/2021:11:30:01 231 [DirectJDKLog.java] [INFO] org.apache.catalina.core.StandardService Starting service [Tomcat]
28/Apr/2021:11:30:01 232 [DirectJDKLog.java] [INFO] org.apache.catalina.core.StandardEngine Starting Servlet engine: [Apache Tomcat/9.0.44]
28/Apr/2021:11:30:01 308 [DirectJDKLog.java] [INFO] org.apache.catalina.core.ContainerBase.[Tomcat].[localhost].[/] Initializing Spring embedded WebApplicationContext
28/Apr/2021:11:30:01 309 [ServletWebServerApplicationContext.java] [INFO] org.springframework.boot.web.servlet.context.ServletWebServerApplicationContext Root WebApplicationContext: initialization completed in 1146 ms
28/Apr/2021:11:30:01 368 [JpaBaseConfiguration.java] [WARN] org.springframework.boot.autoconfigure.orm.jpa.JpaBaseConfiguration$JpaWebConfiguration spring.jpa.open-in-view is enabled by default. Therefore, database queries may be performed during view rendering. Explicitly configure spring.jpa.open-in-view to disable this warning
28/Apr/2021:11:30:01 472 [Version.java] [INFO] org.hibernate.Version HHH000412: Hibernate ORM core version 5.4.29.Final
28/Apr/2021:11:30:01 540 [JavaReflectionManager.java] [INFO] org.hibernate.annotations.common.Version HCANN000001: Hibernate Commons Annotations {5.1.2.Final}
28/Apr/2021:11:30:01 619 [HikariDataSource.java] [INFO] com.zaxxer.hikari.HikariDataSource HikariPool-1 - Starting...
28/Apr/2021:11:30:01 723 [HikariDataSource.java] [INFO] com.zaxxer.hikari.HikariDataSource HikariPool-1 - Start completed.
28/Apr/2021:11:30:01 733 [Dialect.java] [INFO] org.hibernate.dialect.Dialect HHH000400: Using dialect: org.hibernate.dialect.MySQL5InnoDBDialect
28/Apr/2021:11:30:02 267 [JtaPlatformInitiator.java] [INFO] org.hibernate.engine.transaction.jta.platform.internal.JtaPlatformInitiator HHH000490: Using JtaPlatform implementation: [org.hibernate.engine.transaction.jta.platform.internal.NoJtaPlatform]
28/Apr/2021:11:30:02 274 [AbstractEntityManagerFactoryBean.java] [INFO] org.springframework.orm.jpa.LocalContainerEntityManagerFactoryBean Initialized JPA EntityManagerFactory for persistence unit 'default'
28/Apr/2021:11:30:02 948 [DefaultSecurityFilterChain.java] [INFO] org.springframework.security.web.DefaultSecurityFilterChain Will secure any request with [org.springframework.security.web.context.request.async.WebAsyncManagerIntegrationFilter@24558113, org.springframework.security.web.context.SecurityContextPersistenceFilter@68f1b89, org.springframework.security.web.header.HeaderWriterFilter@2acbe46d, org.springframework.web.filter.CorsFilter@3d5e0bf0, org.springframework.security.web.authentication.logout.LogoutFilter@c6a3f47, com.StartupReview.security.jwt.AuthTokenFilter@c7cf8c4, org.springframework.security.web.savedrequest.RequestCacheAwareFilter@7ce760af, org.springframework.security.web.servletapi.SecurityContextHolderAwareRequestFilter@5b74bb75, org.springframework.security.web.authentication.AnonymousAuthenticationFilter@166d576b, org.springframework.security.web.session.SessionManagementFilter@4d91d2da, org.springframework.security.web.access.ExceptionTranslationFilter@44428583, org.springframework.security.web.access.intercept.FilterSecurityInterceptor@1a0b4955]
28/Apr/2021:11:30:02 984 [ExecutorConfigurationSupport.java] [INFO] org.springframework.scheduling.concurrent.ThreadPoolTaskExecutor Initializing ExecutorService 'applicationTaskExecutor'
28/Apr/2021:11:30:03 076 [DirectJDKLog.java] [INFO] org.apache.coyote.http11.Http11NioProtocol Starting ProtocolHandler ["http-nio-8081"]
28/Apr/2021:11:30:03 091 [TomcatWebServer.java] [INFO] org.springframework.boot.web.embedded.tomcat.TomcatWebServer Tomcat started on port(s): 8081 (http) with context path ''
28/Apr/2021:11:30:03 119 [StartupInfoLogger.java] [INFO] com.StartupReview.StartupReviewApplication Started StartupReviewApplication in 3.286 seconds (JVM running for 4.143)
28/Apr/2021:11:30:28 217 [DirectJDKLog.java] [INFO] org.apache.catalina.core.ContainerBase.[Tomcat].[localhost].[/] Initializing Spring DispatcherServlet 'dispatcherServlet'
28/Apr/2021:11:30:28 218 [FrameworkServlet.java] [INFO] org.springframework.web.servlet.DispatcherServlet Initializing Servlet 'dispatcherServlet'
28/Apr/2021:11:30:28 218 [FrameworkServlet.java] [INFO] org.springframework.web.servlet.DispatcherServlet Completed initialization in 0 ms
28/Apr/2021:11:30:28 299 [StartupController.java] [INFO] com.StartupReview.controller.StartupController [DATA REQUEST] - Requesting latest startups
28/Apr/2021:11:31:18 052 [RatingController.java] [INFO] com.StartupReview.controller.RatingController [RECORD UPDATED] - Review Updated sucessfully
28/Apr/2021:17:07:05 181 [AbstractTestContextBootstrapper.java] [INFO] org.springframework.boot.test.context.SpringBootTestContextBootstrapper Neither @ContextConfiguration nor @ContextHierarchy found for test class [com.StartupReview.ControllerTest], using SpringBootContextLoader
28/Apr/2021:17:07:05 188 [AbstractContextLoader.java] [INFO] org.springframework.test.context.support.AbstractContextLoader Could not detect default resource locations for test class [com.StartupReview.ControllerTest]: no resource found for suffixes {-context.xml, Context.groovy}.
28/Apr/2021:17:07:05 189 [AnnotationConfigContextLoaderUtils.java] [INFO] org.springframework.test.context.support.AnnotationConfigContextLoaderUtils Could not detect default configuration classes for test class [com.StartupReview.ControllerTest]: ControllerTest does not declare any static, non-private, non-final, nested classes annotated with @Configuration.
28/Apr/2021:17:07:05 295 [SpringBootTestContextBootstrapper.java] [INFO] org.springframework.boot.test.context.SpringBootTestContextBootstrapper Found @SpringBootConfiguration com.StartupReview.StartupReviewApplication for test class com.StartupReview.ControllerTest
28/Apr/2021:17:07:05 398 [AbstractTestContextBootstrapper.java] [INFO] org.springframework.boot.test.context.SpringBootTestContextBootstrapper Loaded default TestExecutionListener class names from location [META-INF/spring.factories]: [org.springframework.boot.test.mock.mockito.MockitoTestExecutionListener, org.springframework.boot.test.mock.mockito.ResetMocksTestExecutionListener, org.springframework.boot.test.autoconfigure.restdocs.RestDocsTestExecutionListener, org.springframework.boot.test.autoconfigure.web.client.MockRestServiceServerResetTestExecutionListener, org.springframework.boot.test.autoconfigure.web.servlet.MockMvcPrintOnlyOnFailureTestExecutionListener, org.springframework.boot.test.autoconfigure.web.servlet.WebDriverTestExecutionListener, org.springframework.boot.test.autoconfigure.webservices.client.MockWebServiceServerTestExecutionListener, org.springframework.test.context.web.ServletTestExecutionListener, org.springframework.test.context.support.DirtiesContextBeforeModesTestExecutionListener, org.springframework.test.context.event.ApplicationEventsTestExecutionListener, org.springframework.test.context.support.DependencyInjectionTestExecutionListener, org.springframework.test.context.support.DirtiesContextTestExecutionListener, org.springframework.test.context.transaction.TransactionalTestExecutionListener, org.springframework.test.context.jdbc.SqlScriptsTestExecutionListener, org.springframework.test.context.event.EventPublishingTestExecutionListener]
28/Apr/2021:17:07:05 421 [AbstractTestContextBootstrapper.java] [INFO] org.springframework.boot.test.context.SpringBootTestContextBootstrapper Using TestExecutionListeners: [org.springframework.test.context.web.ServletTestExecutionListener@7b94089b, org.springframework.test.context.support.DirtiesContextBeforeModesTestExecutionListener@7ca20101, org.springframework.test.context.event.ApplicationEventsTestExecutionListener@47f9738, org.springframework.boot.test.mock.mockito.MockitoTestExecutionListener@6155d082, org.springframework.boot.test.autoconfigure.SpringBootDependencyInjectionTestExecutionListener@3a5ecce3, org.springframework.test.context.support.DirtiesContextTestExecutionListener@561868a0, org.springframework.test.context.transaction.TransactionalTestExecutionListener@2ea6e30c, org.springframework.test.context.jdbc.SqlScriptsTestExecutionListener@6138e79a, org.springframework.test.context.event.EventPublishingTestExecutionListener@2dcd168a, org.springframework.boot.test.mock.mockito.ResetMocksTestExecutionListener@388526fb, org.springframework.boot.test.autoconfigure.restdocs.RestDocsTestExecutionListener@21a21c64, org.springframework.boot.test.autoconfigure.web.client.MockRestServiceServerResetTestExecutionListener@7803bfd, org.springframework.boot.test.autoconfigure.web.servlet.MockMvcPrintOnlyOnFailureTestExecutionListener@42bc14c1, org.springframework.boot.test.autoconfigure.web.servlet.WebDriverTestExecutionListener@531f4093, org.springframework.boot.test.autoconfigure.webservices.client.MockWebServiceServerTestExecutionListener@62ef27a8]
28/Apr/2021:17:07:05 715 [Version.java] [INFO] org.hibernate.validator.internal.util.Version HV000001: Hibernate Validator 6.1.7.Final
28/Apr/2021:17:07:05 740 [StartupInfoLogger.java] [INFO] com.StartupReview.ControllerTest Starting ControllerTest using Java 1.8.0_271 on DESKTOP-Q4CBO14 with PID 23536 (started by rajat in D:\02 METCH MATERIAL\MTECH\SEM 2 2020\SPE\03 FINAL PROJECT\PROJECT\startup_review-spring)
28/Apr/2021:17:07:05 744 [SpringApplication.java] [INFO] com.StartupReview.ControllerTest No active profile set, falling back to default profiles: default
28/Apr/2021:17:07:06 484 [RepositoryConfigurationDelegate.java] [INFO] org.springframework.data.repository.config.RepositoryConfigurationDelegate Bootstrapping Spring Data JPA repositories in DEFAULT mode.
28/Apr/2021:17:07:06 565 [RepositoryConfigurationDelegate.java] [INFO] org.springframework.data.repository.config.RepositoryConfigurationDelegate Finished Spring Data repository scanning in 70 ms. Found 4 JPA repository interfaces.
28/Apr/2021:17:07:06 990 [PostProcessorRegistrationDelegate.java] [INFO] org.springframework.context.support.PostProcessorRegistrationDelegate$BeanPostProcessorChecker Bean 'org.springframework.security.access.expression.method.DefaultMethodSecurityExpressionHandler@49c675f0' of type [org.springframework.security.access.expression.method.DefaultMethodSecurityExpressionHandler] is not eligible for getting processed by all BeanPostProcessors (for example: not eligible for auto-proxying)
28/Apr/2021:17:07:07 006 [PostProcessorRegistrationDelegate.java] [INFO] org.springframework.context.support.PostProcessorRegistrationDelegate$BeanPostProcessorChecker Bean 'methodSecurityMetadataSource' of type [org.springframework.security.access.method.DelegatingMethodSecurityMetadataSource] is not eligible for getting processed by all BeanPostProcessors (for example: not eligible for auto-proxying)
28/Apr/2021:17:07:07 315 [Version.java] [INFO] org.hibernate.Version HHH000412: Hibernate ORM core version 5.4.29.Final
28/Apr/2021:17:07:07 478 [JavaReflectionManager.java] [INFO] org.hibernate.annotations.common.Version HCANN000001: Hibernate Commons Annotations {5.1.2.Final}
28/Apr/2021:17:07:07 772 [HikariDataSource.java] [INFO] com.zaxxer.hikari.HikariDataSource HikariPool-1 - Starting...
28/Apr/2021:17:07:08 097 [HikariDataSource.java] [INFO] com.zaxxer.hikari.HikariDataSource HikariPool-1 - Start completed.
28/Apr/2021:17:07:08 123 [Dialect.java] [INFO] org.hibernate.dialect.Dialect HHH000400: Using dialect: org.hibernate.dialect.MySQL5InnoDBDialect
28/Apr/2021:17:07:09 284 [JtaPlatformInitiator.java] [INFO] org.hibernate.engine.transaction.jta.platform.internal.JtaPlatformInitiator HHH000490: Using JtaPlatform implementation: [org.hibernate.engine.transaction.jta.platform.internal.NoJtaPlatform]
28/Apr/2021:17:07:09 293 [AbstractEntityManagerFactoryBean.java] [INFO] org.springframework.orm.jpa.LocalContainerEntityManagerFactoryBean Initialized JPA EntityManagerFactory for persistence unit 'default'
28/Apr/2021:17:07:09 384 [JpaBaseConfiguration.java] [WARN] org.springframework.boot.autoconfigure.orm.jpa.JpaBaseConfiguration$JpaWebConfiguration spring.jpa.open-in-view is enabled by default. Therefore, database queries may be performed during view rendering. Explicitly configure spring.jpa.open-in-view to disable this warning
28/Apr/2021:17:07:10 863 [DefaultSecurityFilterChain.java] [INFO] org.springframework.security.web.DefaultSecurityFilterChain Will secure any request with [org.springframework.security.web.context.request.async.WebAsyncManagerIntegrationFilter@96be1ae, org.springframework.security.web.context.SecurityContextPersistenceFilter@362be0cd, org.springframework.security.web.header.HeaderWriterFilter@67e4928c, org.springframework.web.filter.CorsFilter@6eb5b9e7, org.springframework.security.web.authentication.logout.LogoutFilter@4b8a0d03, com.StartupReview.security.jwt.AuthTokenFilter@44e08a7a, org.springframework.security.web.savedrequest.RequestCacheAwareFilter@61836cd9, org.springframework.security.web.servletapi.SecurityContextHolderAwareRequestFilter@556aed22, org.springframework.security.web.authentication.AnonymousAuthenticationFilter@77e730bd, org.springframework.security.web.session.SessionManagementFilter@647ff23e, org.springframework.security.web.access.ExceptionTranslationFilter@15a484a9, org.springframework.security.web.access.intercept.FilterSecurityInterceptor@26612078]
28/Apr/2021:17:07:11 110 [ExecutorConfigurationSupport.java] [INFO] org.springframework.scheduling.concurrent.ThreadPoolTaskExecutor Initializing ExecutorService 'applicationTaskExecutor'
28/Apr/2021:17:07:11 401 [StartupInfoLogger.java] [INFO] com.StartupReview.ControllerTest Started ControllerTest in 5.915 seconds (JVM running for 7.243)
28/Apr/2021:17:07:11 545 [AbstractTestContextBootstrapper.java] [INFO] org.springframework.boot.test.context.SpringBootTestContextBootstrapper Neither @ContextConfiguration nor @ContextHierarchy found for test class [com.StartupReview.StartupReviewApplicationTests], using SpringBootContextLoader
28/Apr/2021:17:07:11 546 [AbstractContextLoader.java] [INFO] org.springframework.test.context.support.AbstractContextLoader Could not detect default resource locations for test class [com.StartupReview.StartupReviewApplicationTests]: no resource found for suffixes {-context.xml, Context.groovy}.
28/Apr/2021:17:07:11 546 [AnnotationConfigContextLoaderUtils.java] [INFO] org.springframework.test.context.support.AnnotationConfigContextLoaderUtils Could not detect default configuration classes for test class [com.StartupReview.StartupReviewApplicationTests]: StartupReviewApplicationTests does not declare any static, non-private, non-final, nested classes annotated with @Configuration.
28/Apr/2021:17:07:11 548 [SpringBootTestContextBootstrapper.java] [INFO] org.springframework.boot.test.context.SpringBootTestContextBootstrapper Found @SpringBootConfiguration com.StartupReview.StartupReviewApplication for test class com.StartupReview.StartupReviewApplicationTests
28/Apr/2021:17:07:11 550 [AbstractTestContextBootstrapper.java] [INFO] org.springframework.boot.test.context.SpringBootTestContextBootstrapper Loaded default TestExecutionListener class names from location [META-INF/spring.factories]: [org.springframework.boot.test.mock.mockito.MockitoTestExecutionListener, org.springframework.boot.test.mock.mockito.ResetMocksTestExecutionListener, org.springframework.boot.test.autoconfigure.restdocs.RestDocsTestExecutionListener, org.springframework.boot.test.autoconfigure.web.client.MockRestServiceServerResetTestExecutionListener, org.springframework.boot.test.autoconfigure.web.servlet.MockMvcPrintOnlyOnFailureTestExecutionListener, org.springframework.boot.test.autoconfigure.web.servlet.WebDriverTestExecutionListener, org.springframework.boot.test.autoconfigure.webservices.client.MockWebServiceServerTestExecutionListener, org.springframework.test.context.web.ServletTestExecutionListener, org.springframework.test.context.support.DirtiesContextBeforeModesTestExecutionListener, org.springframework.test.context.event.ApplicationEventsTestExecutionListener, org.springframework.test.context.support.DependencyInjectionTestExecutionListener, org.springframework.test.context.support.DirtiesContextTestExecutionListener, org.springframework.test.context.transaction.TransactionalTestExecutionListener, org.springframework.test.context.jdbc.SqlScriptsTestExecutionListener, org.springframework.test.context.event.EventPublishingTestExecutionListener]
28/Apr/2021:17:07:11 551 [AbstractTestContextBootstrapper.java] [INFO] org.springframework.boot.test.context.SpringBootTestContextBootstrapper Using TestExecutionListeners: [org.springframework.test.context.web.ServletTestExecutionListener@3494a35e, org.springframework.test.context.support.DirtiesContextBeforeModesTestExecutionListener@352ce817, org.springframework.test.context.event.ApplicationEventsTestExecutionListener@716e6fa5, org.springframework.boot.test.mock.mockito.MockitoTestExecutionListener@91a1005, org.springframework.boot.test.autoconfigure.SpringBootDependencyInjectionTestExecutionListener@1885dc2b, org.springframework.test.context.support.DirtiesContextTestExecutionListener@4a3bf37c, org.springframework.test.context.transaction.TransactionalTestExecutionListener@48aaaed9, org.springframework.test.context.jdbc.SqlScriptsTestExecutionListener@116915f1, org.springframework.test.context.event.EventPublishingTestExecutionListener@27bbe773, org.springframework.boot.test.mock.mockito.ResetMocksTestExecutionListener@328e50eb, org.springframework.boot.test.autoconfigure.restdocs.RestDocsTestExecutionListener@2fcffc05, org.springframework.boot.test.autoconfigure.web.client.MockRestServiceServerResetTestExecutionListener@76d0a290, org.springframework.boot.test.autoconfigure.web.servlet.MockMvcPrintOnlyOnFailureTestExecutionListener@ea84346, org.springframework.boot.test.autoconfigure.web.servlet.WebDriverTestExecutionListener@4e614370, org.springframework.boot.test.autoconfigure.webservices.client.MockWebServiceServerTestExecutionListener@1e1ea16d]
28/Apr/2021:17:07:11 698 [ExecutorConfigurationSupport.java] [INFO] org.springframework.scheduling.concurrent.ThreadPoolTaskExecutor Shutting down ExecutorService 'applicationTaskExecutor'
28/Apr/2021:17:07:11 700 [AbstractEntityManagerFactoryBean.java] [INFO] org.springframework.orm.jpa.LocalContainerEntityManagerFactoryBean Closing JPA EntityManagerFactory for persistence unit 'default'
28/Apr/2021:17:07:11 703 [HikariDataSource.java] [INFO] com.zaxxer.hikari.HikariDataSource HikariPool-1 - Shutdown initiated...
28/Apr/2021:17:07:11 716 [HikariDataSource.java] [INFO] com.zaxxer.hikari.HikariDataSource HikariPool-1 - Shutdown completed.
